<?xml version="1.0" encoding="UTF-8"?>
<!-- Generated by org.testng.reporters.JUnitXMLReporter -->
<testsuite hostname="MAVRLT1006" ignored="0" name="Default test" tests="3" failures="0" timestamp="2020-06-28T12:26:41 IST" time="0.122" errors="0">
  <testcase name="testMethod2" time="0.01" classname="com.internetapp.tests.reports.TestNG_ReportsAndLogs"/>
  <testcase name="testMethod1" time="0.0" classname="com.internetapp.tests.reports.TestNG_ReportsAndLogs"/>
  <testcase name="testMethod3" time="0.0" classname="com.internetapp.tests.reports.TestNG_ReportsAndLogs"/>
</testsuite> <!-- Default test -->
