<?xml version="1.0" encoding="UTF-8"?>
<!-- Generated by org.testng.reporters.JUnitXMLReporter -->
<testsuite hostname="MAVRLT1006" ignored="0" name="TestNG Test0" tests="2" failures="0" timestamp="2020-06-27T15:47:00 IST" time="44.473" errors="0">
  <testcase name="verifyLoginWithInvalidCredentials" time="20.597" classname="com.internetapp.tests.Login"/>
  <testcase name="verifyLoginWithValidCredentials" time="17.461" classname="com.internetapp.tests.Login"/>
</testsuite> <!-- TestNG Test0 -->
