<?xml version="1.0" encoding="UTF-8"?>
<!-- Generated by org.testng.reporters.JUnitXMLReporter -->
<testsuite hostname="MAVRLT1006" ignored="0" name="Test" tests="6" failures="0" timestamp="2020-06-28T12:41:19 IST" time="23.459" errors="0">
  <testcase name="testMethod1" time="6.865" classname="com.daniel.workspace.Addition"/>
  <testcase name="testMethod1" time="6.241" classname="com.daniel.workspace.DifferenceOfTwoNumbers"/>
  <testcase name="testMethod1" time="5.588" classname="com.daniel.workspace.DifferenceOfTwoNumbers"/>
  <testcase name="testMethod1" time="5.289" classname="com.daniel.workspace.Addition"/>
  <testcase name="testMethod1" time="5.388" classname="com.daniel.workspace.Addition"/>
  <testcase name="testMethod1" time="4.813" classname="com.daniel.workspace.DifferenceOfTwoNumbers"/>
</testsuite> <!-- Test -->
