<?xml version="1.0" encoding="UTF-8"?>
<!-- Generated by org.testng.reporters.JUnitXMLReporter -->
<testsuite hostname="MAVRLT1006" ignored="0" name="Test" tests="7" failures="0" timestamp="2020-07-01T17:29:55 IST" time="24.768" errors="0">
  <testcase name="testMethod1" time="9.467" classname="com.daniel.workspace.Addition"/>
  <testcase name="testMethod1" time="7.345" classname="com.daniel.workspace.DifferenceOfTwoNumbers"/>
  <testcase name="testMethod1" time="7.39" classname="com.daniel.workspace.Multiplication"/>
  <testcase name="testMethod1" time="5.278" classname="com.daniel.workspace.DifferenceOfTwoNumbers"/>
  <testcase name="testMethod1" time="4.827" classname="com.daniel.workspace.Addition"/>
  <testcase name="testMethod1" time="4.316" classname="com.daniel.workspace.DifferenceOfTwoNumbers"/>
  <testcase name="testMethod1" time="4.192" classname="com.daniel.workspace.Addition"/>
</testsuite> <!-- Test -->
