<?xml version="1.0" encoding="UTF-8"?>
<testng-results skipped="0" failed="0" ignored="0" total="6" passed="6">
  <reporter-output>
  </reporter-output>
  <suite name="Suite" duration-ms="23459" started-at="2020-06-28T12:40:55 IST" finished-at="2020-06-28T12:41:18 IST">
    <groups>
      <group name="Addition">
        <method signature="Addition.testMethod1(int, int, int)[pri:0, instance:com.daniel.workspace.Addition@7cbd213e]" name="testMethod1" class="com.daniel.workspace.Addition"/>
      </group> <!-- Addition -->
      <group name="Difference">
        <method signature="DifferenceOfTwoNumbers.testMethod1(int, int, int)[pri:0, instance:com.daniel.workspace.DifferenceOfTwoNumbers@52f759d7]" name="testMethod1" class="com.daniel.workspace.DifferenceOfTwoNumbers"/>
      </group> <!-- Difference -->
      <group name="Arithmetic">
        <method signature="Addition.testMethod1(int, int, int)[pri:0, instance:com.daniel.workspace.Addition@7cbd213e]" name="testMethod1" class="com.daniel.workspace.Addition"/>
        <method signature="DifferenceOfTwoNumbers.testMethod1(int, int, int)[pri:0, instance:com.daniel.workspace.DifferenceOfTwoNumbers@52f759d7]" name="testMethod1" class="com.daniel.workspace.DifferenceOfTwoNumbers"/>
      </group> <!-- Arithmetic -->
    </groups>
    <test name="Test" duration-ms="23459" started-at="2020-06-28T12:40:55 IST" finished-at="2020-06-28T12:41:18 IST">
      <class name="com.daniel.workspace.Addition">
        <test-method status="PASS" signature="testMethod1(int, int, int)[pri:0, instance:com.daniel.workspace.Addition@7cbd213e]" name="testMethod1" duration-ms="6865" started-at="2020-06-28T12:40:55 IST" data-provider="calcAdditionInputs" finished-at="2020-06-28T12:41:02 IST">
          <params>
            <param index="0">
              <value>
                <![CDATA[5]]>
              </value>
            </param>
            <param index="1">
              <value>
                <![CDATA[6]]>
              </value>
            </param>
            <param index="2">
              <value>
                <![CDATA[11]]>
              </value>
            </param>
          </params>
          <reporter-output>
          </reporter-output>
        </test-method> <!-- testMethod1 -->
        <test-method status="PASS" signature="testMethod1(int, int, int)[pri:0, instance:com.daniel.workspace.Addition@7cbd213e]" name="testMethod1" duration-ms="5289" started-at="2020-06-28T12:41:04 IST" data-provider="calcAdditionInputs" finished-at="2020-06-28T12:41:09 IST">
          <params>
            <param index="0">
              <value>
                <![CDATA[2]]>
              </value>
            </param>
            <param index="1">
              <value>
                <![CDATA[1]]>
              </value>
            </param>
            <param index="2">
              <value>
                <![CDATA[3]]>
              </value>
            </param>
          </params>
          <reporter-output>
          </reporter-output>
        </test-method> <!-- testMethod1 -->
        <test-method status="PASS" signature="testMethod1(int, int, int)[pri:0, instance:com.daniel.workspace.Addition@7cbd213e]" name="testMethod1" duration-ms="5388" started-at="2020-06-28T12:41:11 IST" data-provider="calcAdditionInputs" finished-at="2020-06-28T12:41:17 IST">
          <params>
            <param index="0">
              <value>
                <![CDATA[10]]>
              </value>
            </param>
            <param index="1">
              <value>
                <![CDATA[3]]>
              </value>
            </param>
            <param index="2">
              <value>
                <![CDATA[13]]>
              </value>
            </param>
          </params>
          <reporter-output>
          </reporter-output>
        </test-method> <!-- testMethod1 -->
      </class> <!-- com.daniel.workspace.Addition -->
      <class name="com.daniel.workspace.DifferenceOfTwoNumbers">
        <test-method status="PASS" signature="testMethod1(int, int, int)[pri:0, instance:com.daniel.workspace.DifferenceOfTwoNumbers@52f759d7]" name="testMethod1" duration-ms="6241" started-at="2020-06-28T12:40:55 IST" data-provider="calcDifferenceInputs" finished-at="2020-06-28T12:41:01 IST">
          <params>
            <param index="0">
              <value>
                <![CDATA[5]]>
              </value>
            </param>
            <param index="1">
              <value>
                <![CDATA[6]]>
              </value>
            </param>
            <param index="2">
              <value>
                <![CDATA[1]]>
              </value>
            </param>
          </params>
          <reporter-output>
          </reporter-output>
        </test-method> <!-- testMethod1 -->
        <test-method status="PASS" signature="testMethod1(int, int, int)[pri:0, instance:com.daniel.workspace.DifferenceOfTwoNumbers@52f759d7]" name="testMethod1" duration-ms="5588" started-at="2020-06-28T12:41:04 IST" data-provider="calcDifferenceInputs" finished-at="2020-06-28T12:41:10 IST">
          <params>
            <param index="0">
              <value>
                <![CDATA[2]]>
              </value>
            </param>
            <param index="1">
              <value>
                <![CDATA[1]]>
              </value>
            </param>
            <param index="2">
              <value>
                <![CDATA[1]]>
              </value>
            </param>
          </params>
          <reporter-output>
          </reporter-output>
        </test-method> <!-- testMethod1 -->
        <test-method status="PASS" signature="testMethod1(int, int, int)[pri:0, instance:com.daniel.workspace.DifferenceOfTwoNumbers@52f759d7]" name="testMethod1" duration-ms="4813" started-at="2020-06-28T12:41:11 IST" data-provider="calcDifferenceInputs" finished-at="2020-06-28T12:41:16 IST">
          <params>
            <param index="0">
              <value>
                <![CDATA[10]]>
              </value>
            </param>
            <param index="1">
              <value>
                <![CDATA[3]]>
              </value>
            </param>
            <param index="2">
              <value>
                <![CDATA[7]]>
              </value>
            </param>
          </params>
          <reporter-output>
          </reporter-output>
        </test-method> <!-- testMethod1 -->
      </class> <!-- com.daniel.workspace.DifferenceOfTwoNumbers -->
    </test> <!-- Test -->
  </suite> <!-- Suite -->
</testng-results>
