<?xml version="1.0" encoding="UTF-8"?>
<testng-results skipped="0" failed="0" ignored="0" total="7" passed="7">
  <reporter-output>
  </reporter-output>
  <suite name="Suite" duration-ms="24768" started-at="2020-07-01T17:29:30 IST" finished-at="2020-07-01T17:29:55 IST">
    <groups>
      <group name="Multiplication">
        <method signature="Multiplication.testMethod1(int, int, int)[pri:0, instance:com.daniel.workspace.Multiplication@553a3d88]" name="testMethod1" class="com.daniel.workspace.Multiplication"/>
      </group> <!-- Multiplication -->
      <group name="Addition">
        <method signature="Addition.testMethod1(int, int, int)[pri:0, instance:com.daniel.workspace.Addition@64f6106c]" name="testMethod1" class="com.daniel.workspace.Addition"/>
      </group> <!-- Addition -->
      <group name="Difference">
        <method signature="DifferenceOfTwoNumbers.testMethod1(int, int, int)[pri:0, instance:com.daniel.workspace.DifferenceOfTwoNumbers@33723e30]" name="testMethod1" class="com.daniel.workspace.DifferenceOfTwoNumbers"/>
      </group> <!-- Difference -->
      <group name="Arithmetic">
        <method signature="Addition.testMethod1(int, int, int)[pri:0, instance:com.daniel.workspace.Addition@64f6106c]" name="testMethod1" class="com.daniel.workspace.Addition"/>
        <method signature="DifferenceOfTwoNumbers.testMethod1(int, int, int)[pri:0, instance:com.daniel.workspace.DifferenceOfTwoNumbers@33723e30]" name="testMethod1" class="com.daniel.workspace.DifferenceOfTwoNumbers"/>
        <method signature="Multiplication.testMethod1(int, int, int)[pri:0, instance:com.daniel.workspace.Multiplication@553a3d88]" name="testMethod1" class="com.daniel.workspace.Multiplication"/>
      </group> <!-- Arithmetic -->
    </groups>
    <test name="Test" duration-ms="24768" started-at="2020-07-01T17:29:30 IST" finished-at="2020-07-01T17:29:55 IST">
      <class name="com.daniel.workspace.Addition">
        <test-method status="PASS" signature="testMethod1(int, int, int)[pri:0, instance:com.daniel.workspace.Addition@64f6106c]" name="testMethod1" duration-ms="9467" started-at="2020-07-01T17:29:30 IST" data-provider="calcAdditionInputs" finished-at="2020-07-01T17:29:40 IST">
          <params>
            <param index="0">
              <value>
                <![CDATA[5]]>
              </value>
            </param>
            <param index="1">
              <value>
                <![CDATA[6]]>
              </value>
            </param>
            <param index="2">
              <value>
                <![CDATA[11]]>
              </value>
            </param>
          </params>
          <reporter-output>
          </reporter-output>
        </test-method> <!-- testMethod1 -->
        <test-method status="PASS" signature="testMethod1(int, int, int)[pri:0, instance:com.daniel.workspace.Addition@64f6106c]" name="testMethod1" duration-ms="4827" started-at="2020-07-01T17:29:41 IST" data-provider="calcAdditionInputs" finished-at="2020-07-01T17:29:46 IST">
          <params>
            <param index="0">
              <value>
                <![CDATA[2]]>
              </value>
            </param>
            <param index="1">
              <value>
                <![CDATA[1]]>
              </value>
            </param>
            <param index="2">
              <value>
                <![CDATA[3]]>
              </value>
            </param>
          </params>
          <reporter-output>
          </reporter-output>
        </test-method> <!-- testMethod1 -->
        <test-method status="PASS" signature="testMethod1(int, int, int)[pri:0, instance:com.daniel.workspace.Addition@64f6106c]" name="testMethod1" duration-ms="4192" started-at="2020-07-01T17:29:48 IST" data-provider="calcAdditionInputs" finished-at="2020-07-01T17:29:52 IST">
          <params>
            <param index="0">
              <value>
                <![CDATA[10]]>
              </value>
            </param>
            <param index="1">
              <value>
                <![CDATA[3]]>
              </value>
            </param>
            <param index="2">
              <value>
                <![CDATA[13]]>
              </value>
            </param>
          </params>
          <reporter-output>
          </reporter-output>
        </test-method> <!-- testMethod1 -->
      </class> <!-- com.daniel.workspace.Addition -->
      <class name="com.daniel.workspace.Multiplication">
        <test-method status="PASS" signature="testMethod1(int, int, int)[pri:0, instance:com.daniel.workspace.Multiplication@553a3d88]" name="testMethod1" duration-ms="7390" started-at="2020-07-01T17:29:30 IST" finished-at="2020-07-01T17:29:38 IST">
          <params>
            <param index="0">
              <value>
                <![CDATA[5]]>
              </value>
            </param>
            <param index="1">
              <value>
                <![CDATA[6]]>
              </value>
            </param>
            <param index="2">
              <value>
                <![CDATA[30]]>
              </value>
            </param>
          </params>
          <reporter-output>
          </reporter-output>
        </test-method> <!-- testMethod1 -->
      </class> <!-- com.daniel.workspace.Multiplication -->
      <class name="com.daniel.workspace.DifferenceOfTwoNumbers">
        <test-method status="PASS" signature="testMethod1(int, int, int)[pri:0, instance:com.daniel.workspace.DifferenceOfTwoNumbers@33723e30]" name="testMethod1" duration-ms="7345" started-at="2020-07-01T17:29:30 IST" data-provider="calcDifferenceInputs" finished-at="2020-07-01T17:29:38 IST">
          <params>
            <param index="0">
              <value>
                <![CDATA[5]]>
              </value>
            </param>
            <param index="1">
              <value>
                <![CDATA[6]]>
              </value>
            </param>
            <param index="2">
              <value>
                <![CDATA[1]]>
              </value>
            </param>
          </params>
          <reporter-output>
          </reporter-output>
        </test-method> <!-- testMethod1 -->
        <test-method status="PASS" signature="testMethod1(int, int, int)[pri:0, instance:com.daniel.workspace.DifferenceOfTwoNumbers@33723e30]" name="testMethod1" duration-ms="5278" started-at="2020-07-01T17:29:41 IST" data-provider="calcDifferenceInputs" finished-at="2020-07-01T17:29:47 IST">
          <params>
            <param index="0">
              <value>
                <![CDATA[2]]>
              </value>
            </param>
            <param index="1">
              <value>
                <![CDATA[1]]>
              </value>
            </param>
            <param index="2">
              <value>
                <![CDATA[1]]>
              </value>
            </param>
          </params>
          <reporter-output>
          </reporter-output>
        </test-method> <!-- testMethod1 -->
        <test-method status="PASS" signature="testMethod1(int, int, int)[pri:0, instance:com.daniel.workspace.DifferenceOfTwoNumbers@33723e30]" name="testMethod1" duration-ms="4316" started-at="2020-07-01T17:29:48 IST" data-provider="calcDifferenceInputs" finished-at="2020-07-01T17:29:52 IST">
          <params>
            <param index="0">
              <value>
                <![CDATA[10]]>
              </value>
            </param>
            <param index="1">
              <value>
                <![CDATA[3]]>
              </value>
            </param>
            <param index="2">
              <value>
                <![CDATA[7]]>
              </value>
            </param>
          </params>
          <reporter-output>
          </reporter-output>
        </test-method> <!-- testMethod1 -->
      </class> <!-- com.daniel.workspace.DifferenceOfTwoNumbers -->
    </test> <!-- Test -->
  </suite> <!-- Suite -->
</testng-results>
